<?xml version="1.0" encoding="UTF-8"?>
<robot generator="Robot 6.0.2 (Python 3.10.4 on win32)" generated="20230602 01:29:06.014" rpa="false" schemaversion="3">
<suite id="s1" name="Sesi2" source="E:\BELAJARQA\RBF\LATIHAN\sesi2.robot">
<test id="s1-t1" name="Test Case 1 Munculkan list" line="4">
<kw name="Log" library="BuiltIn">
<arg>${List}</arg>
<doc>Logs the given message with the given level.</doc>
<msg timestamp="20230602 01:29:06.055" level="INFO">['satu', 'dua', 'tiga', 'empat', 'lima']</msg>
<status status="PASS" starttime="20230602 01:29:06.054" endtime="20230602 01:29:06.055"/>
</kw>
<status status="PASS" starttime="20230602 01:29:06.054" endtime="20230602 01:29:06.055"/>
</test>
<test id="s1-t2" name="Test Case 2 Munculkan list 2" line="7">
<kw name="List Local Variable">
<kw name="Create List" library="BuiltIn">
<var>@{List2}</var>
<arg>empat</arg>
<arg>lima</arg>
<arg>enam</arg>
<doc>Returns a list containing given items.</doc>
<msg timestamp="20230602 01:29:06.058" level="INFO">@{List2} = [ empat | lima | enam ]</msg>
<status status="PASS" starttime="20230602 01:29:06.058" endtime="20230602 01:29:06.058"/>
</kw>
<kw name="Log" library="BuiltIn">
<arg>${List2}</arg>
<doc>Logs the given message with the given level.</doc>
<msg timestamp="20230602 01:29:06.058" level="INFO">['empat', 'lima', 'enam']</msg>
<status status="PASS" starttime="20230602 01:29:06.058" endtime="20230602 01:29:06.059"/>
</kw>
<status status="PASS" starttime="20230602 01:29:06.057" endtime="20230602 01:29:06.059"/>
</kw>
<status status="PASS" starttime="20230602 01:29:06.057" endtime="20230602 01:29:06.059"/>
</test>
<test id="s1-t3" name="Test Cases 4 Munculkan nilai atau index list" line="13">
<kw name="Log" library="BuiltIn">
<arg>${List}[2]</arg>
<doc>Logs the given message with the given level.</doc>
<msg timestamp="20230602 01:29:06.065" level="INFO">tiga</msg>
<status status="PASS" starttime="20230602 01:29:06.064" endtime="20230602 01:29:06.065"/>
</kw>
<kw name="Log" library="BuiltIn">
<arg>${List}[0]</arg>
<doc>Logs the given message with the given level.</doc>
<msg timestamp="20230602 01:29:06.066" level="INFO">satu</msg>
<status status="PASS" starttime="20230602 01:29:06.066" endtime="20230602 01:29:06.066"/>
</kw>
<kw name="Log" library="BuiltIn">
<arg>${List}[:3]</arg>
<doc>Logs the given message with the given level.</doc>
<msg timestamp="20230602 01:29:06.067" level="INFO">['satu', 'dua', 'tiga']</msg>
<status status="PASS" starttime="20230602 01:29:06.066" endtime="20230602 01:29:06.067"/>
</kw>
<kw name="Log" library="BuiltIn">
<arg>${List}[3:]</arg>
<doc>Logs the given message with the given level.</doc>
<msg timestamp="20230602 01:29:06.067" level="INFO">['empat', 'lima']</msg>
<status status="PASS" starttime="20230602 01:29:06.067" endtime="20230602 01:29:06.067"/>
</kw>
<kw name="Log" library="BuiltIn">
<arg>${list}[-1]</arg>
<doc>Logs the given message with the given level.</doc>
<msg timestamp="20230602 01:29:06.068" level="INFO">lima</msg>
<status status="PASS" starttime="20230602 01:29:06.068" endtime="20230602 01:29:06.068"/>
</kw>
<kw name="Log" library="BuiltIn">
<arg>${List}[0:3:5]</arg>
<doc>Logs the given message with the given level.</doc>
<msg timestamp="20230602 01:29:06.069" level="INFO">['satu']</msg>
<status status="PASS" starttime="20230602 01:29:06.068" endtime="20230602 01:29:06.069"/>
</kw>
<kw name="Log" library="BuiltIn">
<arg>${List}</arg>
<doc>Logs the given message with the given level.</doc>
<msg timestamp="20230602 01:29:06.069" level="INFO">['satu', 'dua', 'tiga', 'empat', 'lima']</msg>
<status status="PASS" starttime="20230602 01:29:06.069" endtime="20230602 01:29:06.069"/>
</kw>
<kw name="List Baru">
<kw name="Create List" library="BuiltIn">
<var>@{List5}</var>
<arg>${List4}[0]</arg>
<arg>${List4}[2]</arg>
<arg>${List4}[4]</arg>
<doc>Returns a list containing given items.</doc>
<msg timestamp="20230602 01:29:06.071" level="INFO">@{List5} = [ 1 | 3 | 5 ]</msg>
<status status="PASS" starttime="20230602 01:29:06.070" endtime="20230602 01:29:06.071"/>
</kw>
<kw name="Log" library="BuiltIn">
<arg>${List5}</arg>
<doc>Logs the given message with the given level.</doc>
<msg timestamp="20230602 01:29:06.071" level="INFO">['1', '3', '5']</msg>
<status status="PASS" starttime="20230602 01:29:06.071" endtime="20230602 01:29:06.071"/>
</kw>
<status status="PASS" starttime="20230602 01:29:06.070" endtime="20230602 01:29:06.071"/>
</kw>
<status status="PASS" starttime="20230602 01:29:06.063" endtime="20230602 01:29:06.072"/>
</test>
<test id="s1-t4" name="Test Cases 5" line="23">
<kw name="Keyword Dictionary 1">
<kw name="Log" library="BuiltIn">
<arg>${Dict}</arg>
<doc>Logs the given message with the given level.</doc>
<msg timestamp="20230602 01:29:06.074" level="INFO">{'nama': 'lissa', 'umur': '21', 'pekerjaan': 'QA'}</msg>
<status status="PASS" starttime="20230602 01:29:06.074" endtime="20230602 01:29:06.074"/>
</kw>
<status status="PASS" starttime="20230602 01:29:06.074" endtime="20230602 01:29:06.074"/>
</kw>
<kw name="Keyword Dictionary 2">
<kw name="Create Dictionary" library="BuiltIn">
<var>&amp;{Dict2}</var>
<arg>nama=naruto</arg>
<arg>umur=17</arg>
<doc>Creates and returns a dictionary based on the given ``items``.</doc>
<msg timestamp="20230602 01:29:06.076" level="INFO">&amp;{Dict2} = { nama=naruto | umur=17 }</msg>
<status status="PASS" starttime="20230602 01:29:06.075" endtime="20230602 01:29:06.076"/>
</kw>
<kw name="Log" library="BuiltIn">
<arg>${Dict2}</arg>
<doc>Logs the given message with the given level.</doc>
<msg timestamp="20230602 01:29:06.076" level="INFO">{'nama': 'naruto', 'umur': '17'}</msg>
<status status="PASS" starttime="20230602 01:29:06.076" endtime="20230602 01:29:06.077"/>
</kw>
<kw name="Set Global Variable" library="BuiltIn">
<arg>${Dict2}</arg>
<doc>Makes a variable available globally in all tests and suites.</doc>
<msg timestamp="20230602 01:29:06.078" level="INFO">${Dict2} = {'nama': 'naruto', 'umur': '17'}</msg>
<status status="PASS" starttime="20230602 01:29:06.077" endtime="20230602 01:29:06.078"/>
</kw>
<kw name="Log" library="BuiltIn">
<arg>${Dict2}</arg>
<doc>Logs the given message with the given level.</doc>
<msg timestamp="20230602 01:29:06.080" level="INFO">{'nama': 'naruto', 'umur': '17'}</msg>
<status status="PASS" starttime="20230602 01:29:06.079" endtime="20230602 01:29:06.081"/>
</kw>
<status status="PASS" starttime="20230602 01:29:06.075" endtime="20230602 01:29:06.081"/>
</kw>
<kw name="Munculin nama dari dict 2">
<kw name="Log" library="BuiltIn">
<arg>${Dict2}[nama]</arg>
<doc>Logs the given message with the given level.</doc>
<msg timestamp="20230602 01:29:06.083" level="INFO">naruto</msg>
<status status="PASS" starttime="20230602 01:29:06.082" endtime="20230602 01:29:06.083"/>
</kw>
<kw name="Log" library="BuiltIn">
<arg>${Dict2.nama}</arg>
<doc>Logs the given message with the given level.</doc>
<msg timestamp="20230602 01:29:06.084" level="INFO">naruto</msg>
<status status="PASS" starttime="20230602 01:29:06.083" endtime="20230602 01:29:06.084"/>
</kw>
<status status="PASS" starttime="20230602 01:29:06.082" endtime="20230602 01:29:06.084"/>
</kw>
<status status="PASS" starttime="20230602 01:29:06.073" endtime="20230602 01:29:06.085"/>
</test>
<test id="s1-t5" name="Test Cases 6" line="28">
<kw name="Log" library="BuiltIn">
<arg>${DICTIONARY}.list[1]</arg>
<doc>Logs the given message with the given level.</doc>
<msg timestamp="20230602 01:29:06.087" level="INFO">string=Mantep bang!! number=1 list=['one', 'two', 'three'].list[1]</msg>
<status status="PASS" starttime="20230602 01:29:06.087" endtime="20230602 01:29:06.087"/>
</kw>
<status status="PASS" starttime="20230602 01:29:06.086" endtime="20230602 01:29:06.088"/>
</test>
<test id="s1-t6" name="Test Cases 7" line="32">
<for flavor="IN">
<var>${i}</var>
<value>@{List}</value>
<iter>
<var name="${i}">satu</var>
<kw name="Log" library="BuiltIn">
<arg>${i}</arg>
<doc>Logs the given message with the given level.</doc>
<msg timestamp="20230602 01:29:06.090" level="INFO">satu</msg>
<status status="PASS" starttime="20230602 01:29:06.090" endtime="20230602 01:29:06.090"/>
</kw>
<status status="PASS" starttime="20230602 01:29:06.090" endtime="20230602 01:29:06.090"/>
</iter>
<iter>
<var name="${i}">dua</var>
<kw name="Log" library="BuiltIn">
<arg>${i}</arg>
<doc>Logs the given message with the given level.</doc>
<msg timestamp="20230602 01:29:06.091" level="INFO">dua</msg>
<status status="PASS" starttime="20230602 01:29:06.091" endtime="20230602 01:29:06.091"/>
</kw>
<status status="PASS" starttime="20230602 01:29:06.091" endtime="20230602 01:29:06.091"/>
</iter>
<iter>
<var name="${i}">tiga</var>
<kw name="Log" library="BuiltIn">
<arg>${i}</arg>
<doc>Logs the given message with the given level.</doc>
<msg timestamp="20230602 01:29:06.091" level="INFO">tiga</msg>
<status status="PASS" starttime="20230602 01:29:06.091" endtime="20230602 01:29:06.091"/>
</kw>
<status status="PASS" starttime="20230602 01:29:06.091" endtime="20230602 01:29:06.091"/>
</iter>
<iter>
<var name="${i}">empat</var>
<kw name="Log" library="BuiltIn">
<arg>${i}</arg>
<doc>Logs the given message with the given level.</doc>
<msg timestamp="20230602 01:29:06.092" level="INFO">empat</msg>
<status status="PASS" starttime="20230602 01:29:06.091" endtime="20230602 01:29:06.092"/>
</kw>
<status status="PASS" starttime="20230602 01:29:06.091" endtime="20230602 01:29:06.092"/>
</iter>
<iter>
<var name="${i}">lima</var>
<kw name="Log" library="BuiltIn">
<arg>${i}</arg>
<doc>Logs the given message with the given level.</doc>
<msg timestamp="20230602 01:29:06.093" level="INFO">lima</msg>
<status status="PASS" starttime="20230602 01:29:06.092" endtime="20230602 01:29:06.093"/>
</kw>
<status status="PASS" starttime="20230602 01:29:06.092" endtime="20230602 01:29:06.093"/>
</iter>
<status status="PASS" starttime="20230602 01:29:06.090" endtime="20230602 01:29:06.093"/>
</for>
<for flavor="IN RANGE">
<var>${b}</var>
<value>1</value>
<value>10</value>
<iter>
<var name="${b}">1</var>
<kw name="Log" library="BuiltIn">
<arg>${b}</arg>
<doc>Logs the given message with the given level.</doc>
<msg timestamp="20230602 01:29:06.096" level="INFO">1</msg>
<status status="PASS" starttime="20230602 01:29:06.094" endtime="20230602 01:29:06.096"/>
</kw>
<status status="PASS" starttime="20230602 01:29:06.094" endtime="20230602 01:29:06.096"/>
</iter>
<iter>
<var name="${b}">2</var>
<kw name="Log" library="BuiltIn">
<arg>${b}</arg>
<doc>Logs the given message with the given level.</doc>
<msg timestamp="20230602 01:29:06.097" level="INFO">2</msg>
<status status="PASS" starttime="20230602 01:29:06.096" endtime="20230602 01:29:06.097"/>
</kw>
<status status="PASS" starttime="20230602 01:29:06.096" endtime="20230602 01:29:06.097"/>
</iter>
<iter>
<var name="${b}">3</var>
<kw name="Log" library="BuiltIn">
<arg>${b}</arg>
<doc>Logs the given message with the given level.</doc>
<msg timestamp="20230602 01:29:06.097" level="INFO">3</msg>
<status status="PASS" starttime="20230602 01:29:06.097" endtime="20230602 01:29:06.098"/>
</kw>
<status status="PASS" starttime="20230602 01:29:06.097" endtime="20230602 01:29:06.098"/>
</iter>
<iter>
<var name="${b}">4</var>
<kw name="Log" library="BuiltIn">
<arg>${b}</arg>
<doc>Logs the given message with the given level.</doc>
<msg timestamp="20230602 01:29:06.098" level="INFO">4</msg>
<status status="PASS" starttime="20230602 01:29:06.098" endtime="20230602 01:29:06.098"/>
</kw>
<status status="PASS" starttime="20230602 01:29:06.098" endtime="20230602 01:29:06.098"/>
</iter>
<iter>
<var name="${b}">5</var>
<kw name="Log" library="BuiltIn">
<arg>${b}</arg>
<doc>Logs the given message with the given level.</doc>
<msg timestamp="20230602 01:29:06.099" level="INFO">5</msg>
<status status="PASS" starttime="20230602 01:29:06.099" endtime="20230602 01:29:06.099"/>
</kw>
<status status="PASS" starttime="20230602 01:29:06.099" endtime="20230602 01:29:06.099"/>
</iter>
<iter>
<var name="${b}">6</var>
<kw name="Log" library="BuiltIn">
<arg>${b}</arg>
<doc>Logs the given message with the given level.</doc>
<msg timestamp="20230602 01:29:06.100" level="INFO">6</msg>
<status status="PASS" starttime="20230602 01:29:06.099" endtime="20230602 01:29:06.100"/>
</kw>
<status status="PASS" starttime="20230602 01:29:06.099" endtime="20230602 01:29:06.100"/>
</iter>
<iter>
<var name="${b}">7</var>
<kw name="Log" library="BuiltIn">
<arg>${b}</arg>
<doc>Logs the given message with the given level.</doc>
<msg timestamp="20230602 01:29:06.100" level="INFO">7</msg>
<status status="PASS" starttime="20230602 01:29:06.100" endtime="20230602 01:29:06.100"/>
</kw>
<status status="PASS" starttime="20230602 01:29:06.100" endtime="20230602 01:29:06.100"/>
</iter>
<iter>
<var name="${b}">8</var>
<kw name="Log" library="BuiltIn">
<arg>${b}</arg>
<doc>Logs the given message with the given level.</doc>
<msg timestamp="20230602 01:29:06.100" level="INFO">8</msg>
<status status="PASS" starttime="20230602 01:29:06.100" endtime="20230602 01:29:06.100"/>
</kw>
<status status="PASS" starttime="20230602 01:29:06.100" endtime="20230602 01:29:06.100"/>
</iter>
<iter>
<var name="${b}">9</var>
<kw name="Log" library="BuiltIn">
<arg>${b}</arg>
<doc>Logs the given message with the given level.</doc>
<msg timestamp="20230602 01:29:06.101" level="INFO">9</msg>
<status status="PASS" starttime="20230602 01:29:06.101" endtime="20230602 01:29:06.101"/>
</kw>
<status status="PASS" starttime="20230602 01:29:06.101" endtime="20230602 01:29:06.101"/>
</iter>
<status status="PASS" starttime="20230602 01:29:06.093" endtime="20230602 01:29:06.101"/>
</for>
<for flavor="IN">
<var>${c}</var>
<value>${Dict}</value>
<iter>
<var name="${c}">{'nama': 'lissa', 'umur': '21', 'pekerjaan': 'QA'}</var>
<kw name="Log" library="BuiltIn">
<arg>${c}</arg>
<doc>Logs the given message with the given level.</doc>
<msg timestamp="20230602 01:29:06.102" level="INFO">{'nama': 'lissa', 'umur': '21', 'pekerjaan': 'QA'}</msg>
<status status="PASS" starttime="20230602 01:29:06.102" endtime="20230602 01:29:06.102"/>
</kw>
<status status="PASS" starttime="20230602 01:29:06.102" endtime="20230602 01:29:06.102"/>
</iter>
<status status="PASS" starttime="20230602 01:29:06.102" endtime="20230602 01:29:06.102"/>
</for>
<for flavor="IN">
<var>${key}</var>
<value>@{Dict}</value>
<iter>
<var name="${key}">nama</var>
<kw name="Log" library="BuiltIn">
<arg>${Dict}[${key}]</arg>
<doc>Logs the given message with the given level.</doc>
<msg timestamp="20230602 01:29:06.103" level="INFO">lissa</msg>
<status status="PASS" starttime="20230602 01:29:06.103" endtime="20230602 01:29:06.103"/>
</kw>
<status status="PASS" starttime="20230602 01:29:06.103" endtime="20230602 01:29:06.103"/>
</iter>
<iter>
<var name="${key}">umur</var>
<kw name="Log" library="BuiltIn">
<arg>${Dict}[${key}]</arg>
<doc>Logs the given message with the given level.</doc>
<msg timestamp="20230602 01:29:06.104" level="INFO">21</msg>
<status status="PASS" starttime="20230602 01:29:06.103" endtime="20230602 01:29:06.104"/>
</kw>
<status status="PASS" starttime="20230602 01:29:06.103" endtime="20230602 01:29:06.104"/>
</iter>
<iter>
<var name="${key}">pekerjaan</var>
<kw name="Log" library="BuiltIn">
<arg>${Dict}[${key}]</arg>
<doc>Logs the given message with the given level.</doc>
<msg timestamp="20230602 01:29:06.104" level="INFO">QA</msg>
<status status="PASS" starttime="20230602 01:29:06.104" endtime="20230602 01:29:06.104"/>
</kw>
<status status="PASS" starttime="20230602 01:29:06.104" endtime="20230602 01:29:06.104"/>
</iter>
<status status="PASS" starttime="20230602 01:29:06.103" endtime="20230602 01:29:06.104"/>
</for>
<status status="PASS" starttime="20230602 01:29:06.089" endtime="20230602 01:29:06.105"/>
</test>
<test id="s1-t7" name="Test Case 8" line="56">
<kw name="Set Variable" library="BuiltIn">
<var>${x}</var>
<arg>${0}</arg>
<doc>Returns the given values which can then be assigned to a variables.</doc>
<msg timestamp="20230602 01:29:06.107" level="INFO">${x} = 0</msg>
<status status="PASS" starttime="20230602 01:29:06.107" endtime="20230602 01:29:06.107"/>
</kw>
<while condition="${x} &lt; 10">
<iter>
<kw name="Log To Console" library="BuiltIn">
<arg>woke</arg>
<doc>Logs the given message to the console.</doc>
<status status="PASS" starttime="20230602 01:29:06.108" endtime="20230602 01:29:06.109"/>
</kw>
<kw name="Evaluate" library="BuiltIn">
<var>${x}</var>
<arg>${x}+1</arg>
<doc>Evaluates the given expression in Python and returns the result.</doc>
<msg timestamp="20230602 01:29:06.110" level="INFO">${x} = 1</msg>
<status status="PASS" starttime="20230602 01:29:06.109" endtime="20230602 01:29:06.110"/>
</kw>
<status status="PASS" starttime="20230602 01:29:06.108" endtime="20230602 01:29:06.110"/>
</iter>
<iter>
<kw name="Log To Console" library="BuiltIn">
<arg>woke</arg>
<doc>Logs the given message to the console.</doc>
<status status="PASS" starttime="20230602 01:29:06.110" endtime="20230602 01:29:06.112"/>
</kw>
<kw name="Evaluate" library="BuiltIn">
<var>${x}</var>
<arg>${x}+1</arg>
<doc>Evaluates the given expression in Python and returns the result.</doc>
<msg timestamp="20230602 01:29:06.114" level="INFO">${x} = 2</msg>
<status status="PASS" starttime="20230602 01:29:06.113" endtime="20230602 01:29:06.114"/>
</kw>
<status status="PASS" starttime="20230602 01:29:06.110" endtime="20230602 01:29:06.114"/>
</iter>
<iter>
<kw name="Log To Console" library="BuiltIn">
<arg>woke</arg>
<doc>Logs the given message to the console.</doc>
<status status="PASS" starttime="20230602 01:29:06.114" endtime="20230602 01:29:06.115"/>
</kw>
<kw name="Evaluate" library="BuiltIn">
<var>${x}</var>
<arg>${x}+1</arg>
<doc>Evaluates the given expression in Python and returns the result.</doc>
<msg timestamp="20230602 01:29:06.116" level="INFO">${x} = 3</msg>
<status status="PASS" starttime="20230602 01:29:06.115" endtime="20230602 01:29:06.116"/>
</kw>
<status status="PASS" starttime="20230602 01:29:06.114" endtime="20230602 01:29:06.116"/>
</iter>
<iter>
<kw name="Log To Console" library="BuiltIn">
<arg>woke</arg>
<doc>Logs the given message to the console.</doc>
<status status="PASS" starttime="20230602 01:29:06.117" endtime="20230602 01:29:06.117"/>
</kw>
<kw name="Evaluate" library="BuiltIn">
<var>${x}</var>
<arg>${x}+1</arg>
<doc>Evaluates the given expression in Python and returns the result.</doc>
<msg timestamp="20230602 01:29:06.118" level="INFO">${x} = 4</msg>
<status status="PASS" starttime="20230602 01:29:06.118" endtime="20230602 01:29:06.118"/>
</kw>
<status status="PASS" starttime="20230602 01:29:06.116" endtime="20230602 01:29:06.118"/>
</iter>
<iter>
<kw name="Log To Console" library="BuiltIn">
<arg>woke</arg>
<doc>Logs the given message to the console.</doc>
<status status="PASS" starttime="20230602 01:29:06.119" endtime="20230602 01:29:06.119"/>
</kw>
<kw name="Evaluate" library="BuiltIn">
<var>${x}</var>
<arg>${x}+1</arg>
<doc>Evaluates the given expression in Python and returns the result.</doc>
<msg timestamp="20230602 01:29:06.120" level="INFO">${x} = 5</msg>
<status status="PASS" starttime="20230602 01:29:06.120" endtime="20230602 01:29:06.120"/>
</kw>
<status status="PASS" starttime="20230602 01:29:06.118" endtime="20230602 01:29:06.120"/>
</iter>
<iter>
<kw name="Log To Console" library="BuiltIn">
<arg>woke</arg>
<doc>Logs the given message to the console.</doc>
<status status="PASS" starttime="20230602 01:29:06.121" endtime="20230602 01:29:06.121"/>
</kw>
<kw name="Evaluate" library="BuiltIn">
<var>${x}</var>
<arg>${x}+1</arg>
<doc>Evaluates the given expression in Python and returns the result.</doc>
<msg timestamp="20230602 01:29:06.122" level="INFO">${x} = 6</msg>
<status status="PASS" starttime="20230602 01:29:06.121" endtime="20230602 01:29:06.122"/>
</kw>
<status status="PASS" starttime="20230602 01:29:06.120" endtime="20230602 01:29:06.122"/>
</iter>
<iter>
<kw name="Log To Console" library="BuiltIn">
<arg>woke</arg>
<doc>Logs the given message to the console.</doc>
<status status="PASS" starttime="20230602 01:29:06.122" endtime="20230602 01:29:06.123"/>
</kw>
<kw name="Evaluate" library="BuiltIn">
<var>${x}</var>
<arg>${x}+1</arg>
<doc>Evaluates the given expression in Python and returns the result.</doc>
<msg timestamp="20230602 01:29:06.123" level="INFO">${x} = 7</msg>
<status status="PASS" starttime="20230602 01:29:06.123" endtime="20230602 01:29:06.123"/>
</kw>
<status status="PASS" starttime="20230602 01:29:06.122" endtime="20230602 01:29:06.123"/>
</iter>
<iter>
<kw name="Log To Console" library="BuiltIn">
<arg>woke</arg>
<doc>Logs the given message to the console.</doc>
<status status="PASS" starttime="20230602 01:29:06.123" endtime="20230602 01:29:06.124"/>
</kw>
<kw name="Evaluate" library="BuiltIn">
<var>${x}</var>
<arg>${x}+1</arg>
<doc>Evaluates the given expression in Python and returns the result.</doc>
<msg timestamp="20230602 01:29:06.124" level="INFO">${x} = 8</msg>
<status status="PASS" starttime="20230602 01:29:06.124" endtime="20230602 01:29:06.124"/>
</kw>
<status status="PASS" starttime="20230602 01:29:06.123" endtime="20230602 01:29:06.124"/>
</iter>
<iter>
<kw name="Log To Console" library="BuiltIn">
<arg>woke</arg>
<doc>Logs the given message to the console.</doc>
<status status="PASS" starttime="20230602 01:29:06.125" endtime="20230602 01:29:06.126"/>
</kw>
<kw name="Evaluate" library="BuiltIn">
<var>${x}</var>
<arg>${x}+1</arg>
<doc>Evaluates the given expression in Python and returns the result.</doc>
<msg timestamp="20230602 01:29:06.127" level="INFO">${x} = 9</msg>
<status status="PASS" starttime="20230602 01:29:06.126" endtime="20230602 01:29:06.127"/>
</kw>
<status status="PASS" starttime="20230602 01:29:06.125" endtime="20230602 01:29:06.127"/>
</iter>
<iter>
<kw name="Log To Console" library="BuiltIn">
<arg>woke</arg>
<doc>Logs the given message to the console.</doc>
<status status="PASS" starttime="20230602 01:29:06.128" endtime="20230602 01:29:06.129"/>
</kw>
<kw name="Evaluate" library="BuiltIn">
<var>${x}</var>
<arg>${x}+1</arg>
<doc>Evaluates the given expression in Python and returns the result.</doc>
<msg timestamp="20230602 01:29:06.131" level="INFO">${x} = 10</msg>
<status status="PASS" starttime="20230602 01:29:06.130" endtime="20230602 01:29:06.131"/>
</kw>
<status status="PASS" starttime="20230602 01:29:06.128" endtime="20230602 01:29:06.131"/>
</iter>
<status status="PASS" starttime="20230602 01:29:06.108" endtime="20230602 01:29:06.131"/>
</while>
<kw name="Set Variable" library="BuiltIn">
<var>${y}</var>
<arg>${0}</arg>
<doc>Returns the given values which can then be assigned to a variables.</doc>
<msg timestamp="20230602 01:29:06.133" level="INFO">${y} = 0</msg>
<status status="PASS" starttime="20230602 01:29:06.132" endtime="20230602 01:29:06.133"/>
</kw>
<while condition="${y} &lt; 10" limit="5">
<iter>
<kw name="Log To Console" library="BuiltIn">
<arg>Sip</arg>
<doc>Logs the given message to the console.</doc>
<status status="PASS" starttime="20230602 01:29:06.133" endtime="20230602 01:29:06.134"/>
</kw>
<kw name="Evaluate" library="BuiltIn">
<var>${y}</var>
<arg>${y}+1</arg>
<doc>Evaluates the given expression in Python and returns the result.</doc>
<msg timestamp="20230602 01:29:06.134" level="INFO">${y} = 1</msg>
<status status="PASS" starttime="20230602 01:29:06.134" endtime="20230602 01:29:06.135"/>
</kw>
<status status="PASS" starttime="20230602 01:29:06.133" endtime="20230602 01:29:06.135"/>
</iter>
<iter>
<kw name="Log To Console" library="BuiltIn">
<arg>Sip</arg>
<doc>Logs the given message to the console.</doc>
<status status="PASS" starttime="20230602 01:29:06.135" endtime="20230602 01:29:06.135"/>
</kw>
<kw name="Evaluate" library="BuiltIn">
<var>${y}</var>
<arg>${y}+1</arg>
<doc>Evaluates the given expression in Python and returns the result.</doc>
<msg timestamp="20230602 01:29:06.136" level="INFO">${y} = 2</msg>
<status status="PASS" starttime="20230602 01:29:06.136" endtime="20230602 01:29:06.136"/>
</kw>
<status status="PASS" starttime="20230602 01:29:06.135" endtime="20230602 01:29:06.136"/>
</iter>
<iter>
<kw name="Log To Console" library="BuiltIn">
<arg>Sip</arg>
<doc>Logs the given message to the console.</doc>
<status status="PASS" starttime="20230602 01:29:06.136" endtime="20230602 01:29:06.137"/>
</kw>
<kw name="Evaluate" library="BuiltIn">
<var>${y}</var>
<arg>${y}+1</arg>
<doc>Evaluates the given expression in Python and returns the result.</doc>
<msg timestamp="20230602 01:29:06.137" level="INFO">${y} = 3</msg>
<status status="PASS" starttime="20230602 01:29:06.137" endtime="20230602 01:29:06.137"/>
</kw>
<status status="PASS" starttime="20230602 01:29:06.136" endtime="20230602 01:29:06.137"/>
</iter>
<iter>
<kw name="Log To Console" library="BuiltIn">
<arg>Sip</arg>
<doc>Logs the given message to the console.</doc>
<status status="PASS" starttime="20230602 01:29:06.138" endtime="20230602 01:29:06.138"/>
</kw>
<kw name="Evaluate" library="BuiltIn">
<var>${y}</var>
<arg>${y}+1</arg>
<doc>Evaluates the given expression in Python and returns the result.</doc>
<msg timestamp="20230602 01:29:06.139" level="INFO">${y} = 4</msg>
<status status="PASS" starttime="20230602 01:29:06.138" endtime="20230602 01:29:06.139"/>
</kw>
<status status="PASS" starttime="20230602 01:29:06.137" endtime="20230602 01:29:06.139"/>
</iter>
<iter>
<kw name="Log To Console" library="BuiltIn">
<arg>Sip</arg>
<doc>Logs the given message to the console.</doc>
<status status="PASS" starttime="20230602 01:29:06.139" endtime="20230602 01:29:06.140"/>
</kw>
<kw name="Evaluate" library="BuiltIn">
<var>${y}</var>
<arg>${y}+1</arg>
<doc>Evaluates the given expression in Python and returns the result.</doc>
<msg timestamp="20230602 01:29:06.140" level="INFO">${y} = 5</msg>
<status status="PASS" starttime="20230602 01:29:06.140" endtime="20230602 01:29:06.140"/>
</kw>
<status status="PASS" starttime="20230602 01:29:06.139" endtime="20230602 01:29:06.140"/>
</iter>
<status status="FAIL" starttime="20230602 01:29:06.133" endtime="20230602 01:29:06.141"/>
</while>
<status status="FAIL" starttime="20230602 01:29:06.106" endtime="20230602 01:29:06.141">WHILE loop was aborted because it did not finish within the limit of 5 iterations. Use the 'limit' argument to increase or remove the limit if needed.</status>
</test>
<status status="FAIL" starttime="20230602 01:29:06.016" endtime="20230602 01:29:06.144"/>
</suite>
<statistics>
<total>
<stat pass="6" fail="1" skip="0">All Tests</stat>
</total>
<tag>
</tag>
<suite>
<stat pass="6" fail="1" skip="0" id="s1" name="Sesi2">Sesi2</stat>
</suite>
</statistics>
<errors>
</errors>
</robot>
